<?xml version="1.0" encoding="UTF-8"?>
<!-- Generated by org.testng.reporters.JUnitReportReporter -->
<testsuite skipped="0" hostname="DESKTOP-UQBEBR6" name="TestCases.fPpage" tests="1" failures="0" timestamp="2020-06-20T11:50:49 IST" time="36.910" errors="0">
  <testcase name="forgotpageNavigation" time="36.910" classname="TestCases.fPpage"/>
  <system-out/>
</testsuite> <!-- TestCases.fPpage -->
